<?xml version="1.0" encoding="UTF-8"?>
<!-- Generated by org.testng.reporters.JUnitXMLReporter -->
<testsuite ignored="0" hostname="SAGAR" failures="0" tests="7" name="Default test" time="96.738" errors="0" timestamp="2023-12-21T16:51:38 IST">
  <testcase classname="com.qc.testng.test.LoginTest" name="doLogin" time="0.183"/>
  <testcase classname="com.qc.testng.test.LoginTest" name="doLogin" time="0.198"/>
  <testcase classname="com.qc.testng.test.LoginTest" name="doLogin" time="0.228"/>
  <testcase classname="com.qc.testng.test.LoginTest" name="doLogin" time="0.216"/>
  <testcase classname="com.qc.testng.test.LoginTest" name="doLogin" time="0.185"/>
  <testcase classname="com.qc.testng.test.LoginTest" name="doLogin" time="0.213"/>
  <testcase classname="com.qc.testng.test.LoginTest" name="doLogin" time="72.158"/>
</testsuite> <!-- Default test -->
