<?xml version="1.0" encoding="UTF-8"?>
<!-- Generated by org.testng.reporters.JUnitXMLReporter -->
<testsuite ignored="2" hostname="SAGAR" failures="0" tests="7" name="Test" time="26.938" errors="0" timestamp="2023-12-23T13:33:36 IST">
  <testcase classname="com.qc.testng.test.LoginTest" name="doLogin" time="0.147"/>
  <testcase classname="com.qc.testng.test.LoginTest" name="doLogin" time="0.101"/>
  <testcase classname="com.qc.testng.test.LoginTest" name="doLogin" time="0.133"/>
  <testcase classname="com.qc.testng.test.LoginTest" name="doLogin" time="0.116"/>
  <testcase classname="com.qc.testng.test.LoginTest" name="doLogin" time="0.153"/>
  <testcase classname="com.qc.testng.test.LoginTest" name="doLogin" time="0.128"/>
  <testcase classname="com.qc.testng.test.LoginTest" name="doLogin" time="4.196"/>
  <testcase classname="com.qc.testng.test.BaseIntegration" name="@BeforeSuite doSetup" time="0.0">
    <ignored/>
  </testcase> <!-- @BeforeSuite doSetup -->
  <testcase classname="com.qc.testng.test.BaseIntegration" name="@AfterSuite tearDown" time="0.0">
    <ignored/>
  </testcase> <!-- @AfterSuite tearDown -->
</testsuite> <!-- Test -->
