<?xml version="1.0" encoding="UTF-8"?>
<testng-results ignored="2" total="9" passed="7" failed="0" skipped="0">
  <reporter-output>
  </reporter-output>
  <suite started-at="2023-12-23T13:33:09 IST" name="Suite" finished-at="2023-12-23T13:33:36 IST" duration-ms="26938">
    <groups>
    </groups>
    <test started-at="2023-12-23T13:33:09 IST" name="Test" finished-at="2023-12-23T13:33:36 IST" duration-ms="26938">
      <class name="com.qc.testng.test.LoginTest">
        <test-method is-config="true" signature="doSetup()[pri:0, instance:com.qc.testng.test.LoginTest@6f3187b0]" started-at="2023-12-23T13:33:05 IST" name="doSetup" finished-at="2023-12-23T13:33:09 IST" duration-ms="4439" status="PASS">
          <reporter-output>
          </reporter-output>
        </test-method> <!-- doSetup -->
        <test-method is-config="true" signature="locateElement()[pri:0, instance:com.qc.testng.test.LoginTest@6f3187b0]" started-at="2023-12-23T13:33:09 IST" name="locateElement" finished-at="2023-12-23T13:33:09 IST" duration-ms="105" status="PASS">
          <reporter-output>
          </reporter-output>
        </test-method> <!-- locateElement -->
        <test-method signature="doLogin(java.lang.String,java.lang.String,java.lang.String)[pri:0, instance:com.qc.testng.test.LoginTest@6f3187b0]" started-at="2023-12-23T13:33:09 IST" name="doLogin" data-provider="loginData" finished-at="2023-12-23T13:33:10 IST" duration-ms="147" status="PASS">
          <params>
            <param index="0">
              <value>
                <![CDATA[Both are empty]]>
              </value>
            </param>
            <param index="1">
              <value>
                <![CDATA[]]>
              </value>
            </param>
            <param index="2">
              <value>
                <![CDATA[]]>
              </value>
            </param>
          </params>
          <reporter-output>
          </reporter-output>
        </test-method> <!-- doLogin -->
        <test-method is-config="true" signature="doAssert()[pri:0, instance:com.qc.testng.test.LoginTest@6f3187b0]" started-at="2023-12-23T13:33:10 IST" name="doAssert" finished-at="2023-12-23T13:33:13 IST" duration-ms="3008" status="PASS">
          <reporter-output>
          </reporter-output>
        </test-method> <!-- doAssert -->
        <test-method is-config="true" signature="locateElement()[pri:0, instance:com.qc.testng.test.LoginTest@6f3187b0]" started-at="2023-12-23T13:33:13 IST" name="locateElement" finished-at="2023-12-23T13:33:13 IST" duration-ms="67" status="PASS">
          <reporter-output>
          </reporter-output>
        </test-method> <!-- locateElement -->
        <test-method signature="doLogin(java.lang.String,java.lang.String,java.lang.String)[pri:0, instance:com.qc.testng.test.LoginTest@6f3187b0]" started-at="2023-12-23T13:33:13 IST" name="doLogin" data-provider="loginData" finished-at="2023-12-23T13:33:13 IST" duration-ms="101" status="PASS">
          <params>
            <param index="0">
              <value>
                <![CDATA[Email is empty]]>
              </value>
            </param>
            <param index="1">
              <value>
                <![CDATA[]]>
              </value>
            </param>
            <param index="2">
              <value>
                <![CDATA[123456]]>
              </value>
            </param>
          </params>
          <reporter-output>
          </reporter-output>
        </test-method> <!-- doLogin -->
        <test-method is-config="true" signature="doAssert()[pri:0, instance:com.qc.testng.test.LoginTest@6f3187b0]" started-at="2023-12-23T13:33:13 IST" name="doAssert" finished-at="2023-12-23T13:33:16 IST" duration-ms="3014" status="PASS">
          <reporter-output>
          </reporter-output>
        </test-method> <!-- doAssert -->
        <test-method is-config="true" signature="locateElement()[pri:0, instance:com.qc.testng.test.LoginTest@6f3187b0]" started-at="2023-12-23T13:33:16 IST" name="locateElement" finished-at="2023-12-23T13:33:16 IST" duration-ms="85" status="PASS">
          <reporter-output>
          </reporter-output>
        </test-method> <!-- locateElement -->
        <test-method signature="doLogin(java.lang.String,java.lang.String,java.lang.String)[pri:0, instance:com.qc.testng.test.LoginTest@6f3187b0]" started-at="2023-12-23T13:33:16 IST" name="doLogin" data-provider="loginData" finished-at="2023-12-23T13:33:16 IST" duration-ms="133" status="PASS">
          <params>
            <param index="0">
              <value>
                <![CDATA[Password is empty]]>
              </value>
            </param>
            <param index="1">
              <value>
                <![CDATA[queuecodes@gmail.com]]>
              </value>
            </param>
            <param index="2">
              <value>
                <![CDATA[]]>
              </value>
            </param>
          </params>
          <reporter-output>
          </reporter-output>
        </test-method> <!-- doLogin -->
        <test-method is-config="true" signature="doAssert()[pri:0, instance:com.qc.testng.test.LoginTest@6f3187b0]" started-at="2023-12-23T13:33:16 IST" name="doAssert" finished-at="2023-12-23T13:33:19 IST" duration-ms="3019" status="PASS">
          <reporter-output>
          </reporter-output>
        </test-method> <!-- doAssert -->
        <test-method is-config="true" signature="locateElement()[pri:0, instance:com.qc.testng.test.LoginTest@6f3187b0]" started-at="2023-12-23T13:33:19 IST" name="locateElement" finished-at="2023-12-23T13:33:19 IST" duration-ms="82" status="PASS">
          <reporter-output>
          </reporter-output>
        </test-method> <!-- locateElement -->
        <test-method signature="doLogin(java.lang.String,java.lang.String,java.lang.String)[pri:0, instance:com.qc.testng.test.LoginTest@6f3187b0]" started-at="2023-12-23T13:33:19 IST" name="doLogin" data-provider="loginData" finished-at="2023-12-23T13:33:19 IST" duration-ms="116" status="PASS">
          <params>
            <param index="0">
              <value>
                <![CDATA[Both are invalid]]>
              </value>
            </param>
            <param index="1">
              <value>
                <![CDATA[queuecodes]]>
              </value>
            </param>
            <param index="2">
              <value>
                <![CDATA[123456]]>
              </value>
            </param>
          </params>
          <reporter-output>
          </reporter-output>
        </test-method> <!-- doLogin -->
        <test-method is-config="true" signature="doAssert()[pri:0, instance:com.qc.testng.test.LoginTest@6f3187b0]" started-at="2023-12-23T13:33:19 IST" name="doAssert" finished-at="2023-12-23T13:33:22 IST" duration-ms="3006" status="PASS">
          <reporter-output>
          </reporter-output>
        </test-method> <!-- doAssert -->
        <test-method is-config="true" signature="locateElement()[pri:0, instance:com.qc.testng.test.LoginTest@6f3187b0]" started-at="2023-12-23T13:33:22 IST" name="locateElement" finished-at="2023-12-23T13:33:22 IST" duration-ms="91" status="PASS">
          <reporter-output>
          </reporter-output>
        </test-method> <!-- locateElement -->
        <test-method signature="doLogin(java.lang.String,java.lang.String,java.lang.String)[pri:0, instance:com.qc.testng.test.LoginTest@6f3187b0]" started-at="2023-12-23T13:33:22 IST" name="doLogin" data-provider="loginData" finished-at="2023-12-23T13:33:22 IST" duration-ms="153" status="PASS">
          <params>
            <param index="0">
              <value>
                <![CDATA[Password is invalid]]>
              </value>
            </param>
            <param index="1">
              <value>
                <![CDATA[queuecodes@gmail.com]]>
              </value>
            </param>
            <param index="2">
              <value>
                <![CDATA[12345]]>
              </value>
            </param>
          </params>
          <reporter-output>
          </reporter-output>
        </test-method> <!-- doLogin -->
        <test-method is-config="true" signature="doAssert()[pri:0, instance:com.qc.testng.test.LoginTest@6f3187b0]" started-at="2023-12-23T13:33:22 IST" name="doAssert" finished-at="2023-12-23T13:33:25 IST" duration-ms="3023" status="PASS">
          <reporter-output>
          </reporter-output>
        </test-method> <!-- doAssert -->
        <test-method is-config="true" signature="locateElement()[pri:0, instance:com.qc.testng.test.LoginTest@6f3187b0]" started-at="2023-12-23T13:33:25 IST" name="locateElement" finished-at="2023-12-23T13:33:26 IST" duration-ms="79" status="PASS">
          <reporter-output>
          </reporter-output>
        </test-method> <!-- locateElement -->
        <test-method signature="doLogin(java.lang.String,java.lang.String,java.lang.String)[pri:0, instance:com.qc.testng.test.LoginTest@6f3187b0]" started-at="2023-12-23T13:33:26 IST" name="doLogin" data-provider="loginData" finished-at="2023-12-23T13:33:26 IST" duration-ms="128" status="PASS">
          <params>
            <param index="0">
              <value>
                <![CDATA[Email is invalid]]>
              </value>
            </param>
            <param index="1">
              <value>
                <![CDATA[queuecodes@gmail]]>
              </value>
            </param>
            <param index="2">
              <value>
                <![CDATA[12345]]>
              </value>
            </param>
          </params>
          <reporter-output>
          </reporter-output>
        </test-method> <!-- doLogin -->
        <test-method is-config="true" signature="doAssert()[pri:0, instance:com.qc.testng.test.LoginTest@6f3187b0]" started-at="2023-12-23T13:33:26 IST" name="doAssert" finished-at="2023-12-23T13:33:29 IST" duration-ms="3009" status="PASS">
          <reporter-output>
          </reporter-output>
        </test-method> <!-- doAssert -->
        <test-method is-config="true" signature="locateElement()[pri:0, instance:com.qc.testng.test.LoginTest@6f3187b0]" started-at="2023-12-23T13:33:29 IST" name="locateElement" finished-at="2023-12-23T13:33:29 IST" duration-ms="80" status="PASS">
          <reporter-output>
          </reporter-output>
        </test-method> <!-- locateElement -->
        <test-method signature="doLogin(java.lang.String,java.lang.String,java.lang.String)[pri:0, instance:com.qc.testng.test.LoginTest@6f3187b0]" started-at="2023-12-23T13:33:29 IST" name="doLogin" data-provider="loginData" finished-at="2023-12-23T13:33:33 IST" duration-ms="4196" status="PASS">
          <params>
            <param index="0">
              <value>
                <![CDATA[Both are valid]]>
              </value>
            </param>
            <param index="1">
              <value>
                <![CDATA[queuecodes@gmail.com]]>
              </value>
            </param>
            <param index="2">
              <value>
                <![CDATA[123456]]>
              </value>
            </param>
          </params>
          <reporter-output>
          </reporter-output>
        </test-method> <!-- doLogin -->
        <test-method is-config="true" signature="doAssert()[pri:0, instance:com.qc.testng.test.LoginTest@6f3187b0]" started-at="2023-12-23T13:33:33 IST" name="doAssert" finished-at="2023-12-23T13:33:36 IST" duration-ms="3101" status="PASS">
          <reporter-output>
          </reporter-output>
        </test-method> <!-- doAssert -->
        <test-method is-config="true" signature="tearDown()[pri:0, instance:com.qc.testng.test.LoginTest@6f3187b0]" started-at="2023-12-23T13:33:36 IST" name="tearDown" finished-at="2023-12-23T13:33:36 IST" duration-ms="143" status="PASS">
          <reporter-output>
          </reporter-output>
        </test-method> <!-- tearDown -->
      </class> <!-- com.qc.testng.test.LoginTest -->
    </test> <!-- Test -->
  </suite> <!-- Suite -->
</testng-results>
